D, [2018-01-27T03:13:46.383691 #83419] DEBUG -- :   [1m[35m (20.1ms)[0m  [1m[35mCREATE TABLE "schema_migrations" ("version" character varying NOT NULL PRIMARY KEY)[0m
D, [2018-01-27T03:13:46.391703 #83419] DEBUG -- :   [1m[35m (5.1ms)[0m  [1m[35mCREATE TABLE "ar_internal_metadata" ("key" character varying NOT NULL PRIMARY KEY, "value" character varying, "created_at" timestamp NOT NULL, "updated_at" timestamp NOT NULL)[0m
D, [2018-01-27T03:13:46.392869 #83419] DEBUG -- :   [1m[35m (0.3ms)[0m  [1m[34mSELECT pg_try_advisory_lock(6549283951149397185)[0m
D, [2018-01-27T03:13:46.419460 #83419] DEBUG -- :   [1m[35m (1.0ms)[0m  [1m[34mSELECT "schema_migrations"."version" FROM "schema_migrations" ORDER BY "schema_migrations"."version" ASC[0m
I, [2018-01-27T03:13:46.421099 #83419]  INFO -- : Migrating to CreateGroups (20180113051846)
D, [2018-01-27T03:13:46.423694 #83419] DEBUG -- :   [1m[35m (0.3ms)[0m  [1m[35mBEGIN[0m
D, [2018-01-27T03:13:46.435407 #83419] DEBUG -- :   [1m[35m (10.5ms)[0m  [1m[35mCREATE TABLE "groups" ("id" bigserial primary key, "created_at" timestamp NOT NULL, "updated_at" timestamp NOT NULL)[0m
D, [2018-01-27T03:13:46.439168 #83419] DEBUG -- :   [1m[35mSQL (0.6ms)[0m  [1m[32mINSERT INTO "schema_migrations" ("version") VALUES ($1) RETURNING "version"[0m  [["version", "20180113051846"]]
D, [2018-01-27T03:13:46.439880 #83419] DEBUG -- :   [1m[35m (0.5ms)[0m  [1m[35mCOMMIT[0m
I, [2018-01-27T03:13:46.439985 #83419]  INFO -- : Migrating to AddNameToGroup (20180113052237)
D, [2018-01-27T03:13:46.441028 #83419] DEBUG -- :   [1m[35m (0.4ms)[0m  [1m[35mBEGIN[0m
D, [2018-01-27T03:13:46.444296 #83419] DEBUG -- :   [1m[35m (2.1ms)[0m  [1m[35mALTER TABLE "groups" ADD "name" character varying[0m
D, [2018-01-27T03:13:46.445506 #83419] DEBUG -- :   [1m[35mSQL (0.4ms)[0m  [1m[32mINSERT INTO "schema_migrations" ("version") VALUES ($1) RETURNING "version"[0m  [["version", "20180113052237"]]
D, [2018-01-27T03:13:46.446157 #83419] DEBUG -- :   [1m[35m (0.4ms)[0m  [1m[35mCOMMIT[0m
I, [2018-01-27T03:13:46.446241 #83419]  INFO -- : Migrating to CreateTasks (20180113052238)
D, [2018-01-27T03:13:46.447731 #83419] DEBUG -- :   [1m[35m (0.3ms)[0m  [1m[35mBEGIN[0m
D, [2018-01-27T03:13:46.452931 #83419] DEBUG -- :   [1m[35m (4.6ms)[0m  [1m[35mCREATE TABLE "tasks" ("id" bigserial primary key, "text" character varying, "created_at" timestamp NOT NULL, "updated_at" timestamp NOT NULL)[0m
D, [2018-01-27T03:13:46.454185 #83419] DEBUG -- :   [1m[35mSQL (0.4ms)[0m  [1m[32mINSERT INTO "schema_migrations" ("version") VALUES ($1) RETURNING "version"[0m  [["version", "20180113052238"]]
D, [2018-01-27T03:13:46.454847 #83419] DEBUG -- :   [1m[35m (0.4ms)[0m  [1m[35mCOMMIT[0m
I, [2018-01-27T03:13:46.454965 #83419]  INFO -- : Migrating to AddGroupIdToTask (20180113053325)
D, [2018-01-27T03:13:46.456033 #83419] DEBUG -- :   [1m[35m (0.4ms)[0m  [1m[35mBEGIN[0m
D, [2018-01-27T03:13:46.456919 #83419] DEBUG -- :   [1m[35m (0.5ms)[0m  [1m[35mALTER TABLE "tasks" ADD "group_id" integer[0m
D, [2018-01-27T03:13:46.459263 #83419] DEBUG -- :   [1m[35mSQL (0.8ms)[0m  [1m[32mINSERT INTO "schema_migrations" ("version") VALUES ($1) RETURNING "version"[0m  [["version", "20180113053325"]]
D, [2018-01-27T03:13:46.460314 #83419] DEBUG -- :   [1m[35m (0.7ms)[0m  [1m[35mCOMMIT[0m
I, [2018-01-27T03:13:46.460487 #83419]  INFO -- : Migrating to AddEmergencyAndDdlToTask (20180113130546)
D, [2018-01-27T03:13:46.461677 #83419] DEBUG -- :   [1m[35m (0.3ms)[0m  [1m[35mBEGIN[0m
D, [2018-01-27T03:13:46.463072 #83419] DEBUG -- :   [1m[35m (0.7ms)[0m  [1m[35mALTER TABLE "tasks" ADD "emergency" boolean[0m
D, [2018-01-27T03:13:46.464174 #83419] DEBUG -- :   [1m[35m (0.6ms)[0m  [1m[35mALTER TABLE "tasks" ADD "deadline" date[0m
D, [2018-01-27T03:13:46.465938 #83419] DEBUG -- :   [1m[35mSQL (0.6ms)[0m  [1m[32mINSERT INTO "schema_migrations" ("version") VALUES ($1) RETURNING "version"[0m  [["version", "20180113130546"]]
D, [2018-01-27T03:13:46.466983 #83419] DEBUG -- :   [1m[35m (0.5ms)[0m  [1m[35mCOMMIT[0m
I, [2018-01-27T03:13:46.467138 #83419]  INFO -- : Migrating to RemoveDeadlineFromTasks (20180117091712)
D, [2018-01-27T03:13:46.468366 #83419] DEBUG -- :   [1m[35m (0.3ms)[0m  [1m[35mBEGIN[0m
D, [2018-01-27T03:13:46.471384 #83419] DEBUG -- :   [1m[35m (2.6ms)[0m  [1m[35mALTER TABLE "tasks" DROP "deadline"[0m
D, [2018-01-27T03:13:46.475108 #83419] DEBUG -- :   [1m[35mSQL (0.5ms)[0m  [1m[32mINSERT INTO "schema_migrations" ("version") VALUES ($1) RETURNING "version"[0m  [["version", "20180117091712"]]
D, [2018-01-27T03:13:46.475791 #83419] DEBUG -- :   [1m[35m (0.4ms)[0m  [1m[35mCOMMIT[0m
I, [2018-01-27T03:13:46.475864 #83419]  INFO -- : Migrating to AddDdlToTasks (20180117092308)
D, [2018-01-27T03:13:46.476817 #83419] DEBUG -- :   [1m[35m (0.2ms)[0m  [1m[35mBEGIN[0m
D, [2018-01-27T03:13:46.477680 #83419] DEBUG -- :   [1m[35m (0.5ms)[0m  [1m[35mALTER TABLE "tasks" ADD "ddl" date[0m
D, [2018-01-27T03:13:46.479064 #83419] DEBUG -- :   [1m[35mSQL (0.4ms)[0m  [1m[32mINSERT INTO "schema_migrations" ("version") VALUES ($1) RETURNING "version"[0m  [["version", "20180117092308"]]
D, [2018-01-27T03:13:46.479703 #83419] DEBUG -- :   [1m[35m (0.4ms)[0m  [1m[35mCOMMIT[0m
I, [2018-01-27T03:13:46.479782 #83419]  INFO -- : Migrating to RemoveEmergencyFromTasks (20180122073343)
D, [2018-01-27T03:13:46.481093 #83419] DEBUG -- :   [1m[35m (0.3ms)[0m  [1m[35mBEGIN[0m
D, [2018-01-27T03:13:46.483898 #83419] DEBUG -- :   [1m[35m (1.5ms)[0m  [1m[35mALTER TABLE "tasks" DROP "emergency"[0m
D, [2018-01-27T03:13:46.486577 #83419] DEBUG -- :   [1m[35mSQL (0.8ms)[0m  [1m[32mINSERT INTO "schema_migrations" ("version") VALUES ($1) RETURNING "version"[0m  [["version", "20180122073343"]]
D, [2018-01-27T03:13:46.487780 #83419] DEBUG -- :   [1m[35m (0.7ms)[0m  [1m[35mCOMMIT[0m
I, [2018-01-27T03:13:46.487934 #83419]  INFO -- : Migrating to AddEmergencyToTasks (20180122073955)
D, [2018-01-27T03:13:46.489308 #83419] DEBUG -- :   [1m[35m (0.4ms)[0m  [1m[35mBEGIN[0m
D, [2018-01-27T03:13:46.490264 #83419] DEBUG -- :   [1m[35m (0.5ms)[0m  [1m[35mALTER TABLE "tasks" ADD "emergency" character varying[0m
D, [2018-01-27T03:13:46.491569 #83419] DEBUG -- :   [1m[35mSQL (0.4ms)[0m  [1m[32mINSERT INTO "schema_migrations" ("version") VALUES ($1) RETURNING "version"[0m  [["version", "20180122073955"]]
D, [2018-01-27T03:13:46.492314 #83419] DEBUG -- :   [1m[35m (0.4ms)[0m  [1m[35mCOMMIT[0m
I, [2018-01-27T03:13:46.492398 #83419]  INFO -- : Migrating to DeviseCreateUsers (20180126021116)
D, [2018-01-27T03:13:46.493719 #83419] DEBUG -- :   [1m[35m (0.2ms)[0m  [1m[35mBEGIN[0m
D, [2018-01-27T03:13:46.502885 #83419] DEBUG -- :   [1m[35m (7.1ms)[0m  [1m[35mCREATE TABLE "users" ("id" bigserial primary key, "email" character varying DEFAULT '' NOT NULL, "encrypted_password" character varying DEFAULT '' NOT NULL, "reset_password_token" character varying, "reset_password_sent_at" timestamp, "remember_created_at" timestamp, "sign_in_count" integer DEFAULT 0 NOT NULL, "current_sign_in_at" timestamp, "last_sign_in_at" timestamp, "current_sign_in_ip" inet, "last_sign_in_ip" inet, "created_at" timestamp NOT NULL, "updated_at" timestamp NOT NULL)[0m
D, [2018-01-27T03:13:46.510248 #83419] DEBUG -- :   [1m[35m (2.9ms)[0m  [1m[35mCREATE UNIQUE INDEX  "index_users_on_email" ON "users"  ("email")[0m
D, [2018-01-27T03:13:46.516126 #83419] DEBUG -- :   [1m[35m (1.9ms)[0m  [1m[35mCREATE UNIQUE INDEX  "index_users_on_reset_password_token" ON "users"  ("reset_password_token")[0m
D, [2018-01-27T03:13:46.517733 #83419] DEBUG -- :   [1m[35mSQL (0.5ms)[0m  [1m[32mINSERT INTO "schema_migrations" ("version") VALUES ($1) RETURNING "version"[0m  [["version", "20180126021116"]]
D, [2018-01-27T03:13:46.518547 #83419] DEBUG -- :   [1m[35m (0.5ms)[0m  [1m[35mCOMMIT[0m
I, [2018-01-27T03:13:46.518660 #83419]  INFO -- : Migrating to AddUserIdToGroup (20180126162007)
D, [2018-01-27T03:13:46.522376 #83419] DEBUG -- :   [1m[35m (2.5ms)[0m  [1m[35mBEGIN[0m
D, [2018-01-27T03:13:46.523676 #83419] DEBUG -- :   [1m[35m (0.7ms)[0m  [1m[35mALTER TABLE "groups" ADD "user_id" integer[0m
D, [2018-01-27T03:13:46.525237 #83419] DEBUG -- :   [1m[35mSQL (0.5ms)[0m  [1m[32mINSERT INTO "schema_migrations" ("version") VALUES ($1) RETURNING "version"[0m  [["version", "20180126162007"]]
D, [2018-01-27T03:13:46.526076 #83419] DEBUG -- :   [1m[35m (0.5ms)[0m  [1m[35mCOMMIT[0m
I, [2018-01-27T03:13:46.526169 #83419]  INFO -- : Migrating to AddUserIdToTask (20180126175537)
D, [2018-01-27T03:13:46.527144 #83419] DEBUG -- :   [1m[35m (0.2ms)[0m  [1m[35mBEGIN[0m
D, [2018-01-27T03:13:46.527983 #83419] DEBUG -- :   [1m[35m (0.5ms)[0m  [1m[35mALTER TABLE "tasks" ADD "user_id" integer[0m
D, [2018-01-27T03:13:46.529186 #83419] DEBUG -- :   [1m[35mSQL (0.4ms)[0m  [1m[32mINSERT INTO "schema_migrations" ("version") VALUES ($1) RETURNING "version"[0m  [["version", "20180126175537"]]
D, [2018-01-27T03:13:46.529812 #83419] DEBUG -- :   [1m[35m (0.4ms)[0m  [1m[35mCOMMIT[0m
D, [2018-01-27T03:13:46.539763 #83419] DEBUG -- :   [1m[36mActiveRecord::InternalMetadata Load (0.6ms)[0m  [1m[34mSELECT  "ar_internal_metadata".* FROM "ar_internal_metadata" WHERE "ar_internal_metadata"."key" = $1 LIMIT $2[0m  [["key", "environment"], ["LIMIT", 1]]
D, [2018-01-27T03:13:46.545155 #83419] DEBUG -- :   [1m[35m (0.2ms)[0m  [1m[35mBEGIN[0m
D, [2018-01-27T03:13:46.546922 #83419] DEBUG -- :   [1m[35mSQL (0.8ms)[0m  [1m[32mINSERT INTO "ar_internal_metadata" ("key", "value", "created_at", "updated_at") VALUES ($1, $2, $3, $4) RETURNING "key"[0m  [["key", "environment"], ["value", "production"], ["created_at", "2018-01-26 19:13:46.545392"], ["updated_at", "2018-01-26 19:13:46.545392"]]
D, [2018-01-27T03:13:46.547726 #83419] DEBUG -- :   [1m[35m (0.4ms)[0m  [1m[35mCOMMIT[0m
D, [2018-01-27T03:13:46.548255 #83419] DEBUG -- :   [1m[35m (0.3ms)[0m  [1m[34mSELECT pg_advisory_unlock(6549283951149397185)[0m
